Using pre-set license
Built from '2020.3/staging' branch; Version is '2020.3.10f1 (297d780c91bc) revision 2719096'; Using compiler version '192528614'; Build Type 'Release'
OS: 'Windows 10 Pro; OS build 19044.1706; Version 2009; 64bit' Language: 'ru' Physical Memory: 8117 MB
BatchMode: 1, IsHumanControllingUs: 0, StartBugReporterOnCrash: 0, Is64bit: 1, IsPro: 0

 COMMAND LINE ARGUMENTS:
C:\Program Files\Unity\Hub\Editor\2020.3.10f1\Editor\Unity.exe
-adb2
-batchMode
-noUpm
-name
AssetImportWorker0
-projectPath
J:/UnityProject/Roguelike
-logFile
Logs/AssetImportWorker0.log
-srvPort
52772
Successfully changed project path to: J:/UnityProject/Roguelike
J:/UnityProject/Roguelike
Using Asset Import Pipeline V2.
Refreshing native plugins compatible for Editor in 64.56 ms, found 3 plugins.
Preloading 0 native plugins for Editor in 0.00 ms.
Initialize engine version: 2020.3.10f1 (297d780c91bc)
[Subsystems] Discovering subsystems at path C:/Program Files/Unity/Hub/Editor/2020.3.10f1/Editor/Data/Resources/UnitySubsystems
[Subsystems] Discovering subsystems at path J:/UnityProject/Roguelike/Assets
GfxDevice: creating device client; threaded=0
Direct3D:
    Version:  Direct3D 11.0 [level 10.1]
    Renderer: ATI Radeon HD 4800 Series (ID=0x9442)
    Vendor:   
    VRAM:     501 MB
    Driver:   8.970.100.9001
Initialize mono
Mono path[0] = 'C:/Program Files/Unity/Hub/Editor/2020.3.10f1/Editor/Data/Managed'
Mono path[1] = 'C:/Program Files/Unity/Hub/Editor/2020.3.10f1/Editor/Data/MonoBleedingEdge/lib/mono/unityjit'
Mono config path = 'C:/Program Files/Unity/Hub/Editor/2020.3.10f1/Editor/Data/MonoBleedingEdge/etc'
Using monoOptions --debugger-agent=transport=dt_socket,embedding=1,server=y,suspend=n,address=127.0.0.1:56844
Begin MonoManager ReloadAssembly
Registering precompiled unity dll's ...
Register platform support module: C:/Program Files/Unity/Hub/Editor/2020.3.10f1/Editor/Data/PlaybackEngines/WindowsStandaloneSupport/UnityEditor.WindowsStandalone.Extensions.dll
Registered in 0.003457 seconds.
Native extension for WindowsStandalone target not found
Refreshing native plugins compatible for Editor in 62.67 ms, found 3 plugins.
Preloading 0 native plugins for Editor in 0.00 ms.
Mono: successfully reloaded assembly
- Completed reload, in  1.753 seconds
Platform modules already initialized, skipping
Registering precompiled user dll's ...
Registered in 0.004617 seconds.
Begin MonoManager ReloadAssembly
Native extension for WindowsStandalone target not found
Refreshing native plugins compatible for Editor in 66.61 ms, found 3 plugins.
Preloading 0 native plugins for Editor in 0.00 ms.
Mono: successfully reloaded assembly
- Completed reload, in  1.827 seconds
Platform modules already initialized, skipping
========================================================================
Worker process is ready to serve import requests
Launched and connected shader compiler UnityShaderCompiler.exe after 0.07 seconds
Refreshing native plugins compatible for Editor in 0.80 ms, found 3 plugins.
Preloading 0 native plugins for Editor in 0.00 ms.
Unloading 2079 Unused Serialized files (Serialized files now loaded: 0)
System memory in use before: 92.8 MB.
System memory in use after: 92.8 MB.

Unloading 33 unused Assets to reduce memory usage. Loaded Objects now: 2512.
Total: 4.249000 ms (FindLiveObjects: 0.337400 ms CreateObjectMapping: 0.121000 ms MarkObjects: 3.491900 ms  DeleteObjects: 0.296100 ms)

========================================================================
Received Import Request.
  path: Assets/player.png
  artifactKey: Guid(78b72a34c22110d47b9baeb9d9a12cfc) Importer(815301076,1909f56bfc062723c751e8b465ee728b)
Start importing Assets/player.png using Guid(78b72a34c22110d47b9baeb9d9a12cfc) Importer(815301076,1909f56bfc062723c751e8b465ee728b)  -> (artifact id: '3f78b78d58fe5ddfe325497daf77ef8a') in 0.156860 seconds
  Import took 0.172181 seconds .

========================================================================
Received Import Request.
  Time since last request: 0.000535 seconds.
  path: Assets
  artifactKey: Guid(00000000000000001000000000000000) Importer(815301076,1909f56bfc062723c751e8b465ee728b)
Start importing Assets using Guid(00000000000000001000000000000000) Importer(815301076,1909f56bfc062723c751e8b465ee728b)  -> (artifact id: '42d402b061de3733987d63b9cc3b64de') in 0.012142 seconds
  Import took 0.019568 seconds .

========================================================================
Received Import Request.
  Time since last request: 6.701653 seconds.
  path: Assets/Sprites
  artifactKey: Guid(416d6aebd4c3a2440afddb66cf732b5a) Importer(815301076,1909f56bfc062723c751e8b465ee728b)
Start importing Assets/Sprites using Guid(416d6aebd4c3a2440afddb66cf732b5a) Importer(815301076,1909f56bfc062723c751e8b465ee728b)  -> (artifact id: 'eda71894d697b0efeba99685c31e2d83') in 0.013347 seconds
  Import took 0.019940 seconds .

========================================================================
Received Prepare
Registering precompiled user dll's ...
Registered in 0.005587 seconds.
Begin MonoManager ReloadAssembly
Native extension for WindowsStandalone target not found
Refreshing native plugins compatible for Editor in 1.06 ms, found 3 plugins.
Preloading 0 native plugins for Editor in 0.00 ms.
Mono: successfully reloaded assembly
- Completed reload, in  1.689 seconds
Platform modules already initialized, skipping
Refreshing native plugins compatible for Editor in 0.85 ms, found 3 plugins.
Preloading 0 native plugins for Editor in 0.00 ms.
Unloading 2074 Unused Serialized files (Serialized files now loaded: 0)
System memory in use before: 95.7 MB.
System memory in use after: 95.7 MB.

Unloading 21 unused Assets to reduce memory usage. Loaded Objects now: 2522.
Total: 6.018200 ms (FindLiveObjects: 0.877900 ms CreateObjectMapping: 0.226300 ms MarkObjects: 4.666500 ms  DeleteObjects: 0.245000 ms)

========================================================================
Received Prepare
Registering precompiled user dll's ...
Registered in 0.005223 seconds.
Begin MonoManager ReloadAssembly
Native extension for WindowsStandalone target not found
Refreshing native plugins compatible for Editor in 1.07 ms, found 3 plugins.
Preloading 0 native plugins for Editor in 0.00 ms.
Mono: successfully reloaded assembly
- Completed reload, in  1.811 seconds
Platform modules already initialized, skipping
Refreshing native plugins compatible for Editor in 1.10 ms, found 3 plugins.
Preloading 0 native plugins for Editor in 0.00 ms.
Unloading 2074 Unused Serialized files (Serialized files now loaded: 0)
System memory in use before: 95.8 MB.
System memory in use after: 95.8 MB.

Unloading 21 unused Assets to reduce memory usage. Loaded Objects now: 2526.
Total: 6.189900 ms (FindLiveObjects: 0.603400 ms CreateObjectMapping: 0.139900 ms MarkObjects: 5.174800 ms  DeleteObjects: 0.268600 ms)

========================================================================
Received Prepare
Registering precompiled user dll's ...
Registered in 0.005805 seconds.
Begin MonoManager ReloadAssembly
Native extension for WindowsStandalone target not found
Refreshing native plugins compatible for Editor in 1.00 ms, found 3 plugins.
Preloading 0 native plugins for Editor in 0.00 ms.
Mono: successfully reloaded assembly
- Completed reload, in  1.966 seconds
Platform modules already initialized, skipping
Refreshing native plugins compatible for Editor in 0.93 ms, found 3 plugins.
Preloading 0 native plugins for Editor in 0.00 ms.
Unloading 2074 Unused Serialized files (Serialized files now loaded: 0)
System memory in use before: 95.8 MB.
System memory in use after: 95.8 MB.

Unloading 21 unused Assets to reduce memory usage. Loaded Objects now: 2530.
Total: 4.873800 ms (FindLiveObjects: 0.475300 ms CreateObjectMapping: 0.118500 ms MarkObjects: 4.070800 ms  DeleteObjects: 0.206300 ms)

========================================================================
Received Import Request.
  Time since last request: 269.189624 seconds.
  path: Assets/Scri[ts
  artifactKey: Guid(841d41b3fb0b3384bb4c5a6577cfb21f) Importer(815301076,1909f56bfc062723c751e8b465ee728b)
Start importing Assets/Scri[ts using Guid(841d41b3fb0b3384bb4c5a6577cfb21f) Importer(815301076,1909f56bfc062723c751e8b465ee728b)  -> (artifact id: '86caa94473c8a5aa568e96d516fe41ba') in 0.019967 seconds
  Import took 0.026672 seconds .

========================================================================
Received Import Request.
  Time since last request: 6.499855 seconds.
  path: Assets/Scripts
  artifactKey: Guid(841d41b3fb0b3384bb4c5a6577cfb21f) Importer(815301076,1909f56bfc062723c751e8b465ee728b)
Start importing Assets/Scripts using Guid(841d41b3fb0b3384bb4c5a6577cfb21f) Importer(815301076,1909f56bfc062723c751e8b465ee728b)  -> (artifact id: '4dfd2255d36f3b6eefb3f21c9639987c') in 0.411107 seconds
  Import took 0.427627 seconds .

========================================================================
Received Import Request.
  Time since last request: 8.538627 seconds.
  path: Assets/Scripts/Player.cs
  artifactKey: Guid(cfeb88a2a1ca7c64eb0802aa63ee7a8b) Importer(815301076,1909f56bfc062723c751e8b465ee728b)
Start importing Assets/Scripts/Player.cs using Guid(cfeb88a2a1ca7c64eb0802aa63ee7a8b) Importer(815301076,1909f56bfc062723c751e8b465ee728b)  -> (artifact id: 'b16ab7b6896d6765cc628fd18371f467') in 0.044443 seconds
  Import took 0.053090 seconds .

========================================================================
Received Import Request.
  Time since last request: 0.003482 seconds.
  path: Assets/Scripts/Player.cs
  artifactKey: Guid(cfeb88a2a1ca7c64eb0802aa63ee7a8b) Importer(815301076,1909f56bfc062723c751e8b465ee728b)
Start importing Assets/Scripts/Player.cs using Guid(cfeb88a2a1ca7c64eb0802aa63ee7a8b) Importer(815301076,1909f56bfc062723c751e8b465ee728b)  -> (artifact id: 'b16ab7b6896d6765cc628fd18371f467') in 0.005556 seconds
  Import took 0.017894 seconds .

========================================================================
Received Prepare
Registering precompiled user dll's ...
Registered in 0.005643 seconds.
Begin MonoManager ReloadAssembly
Native extension for WindowsStandalone target not found
Refreshing native plugins compatible for Editor in 0.84 ms, found 3 plugins.
Preloading 0 native plugins for Editor in 0.00 ms.
Mono: successfully reloaded assembly
- Completed reload, in  1.730 seconds
Platform modules already initialized, skipping
Refreshing native plugins compatible for Editor in 0.93 ms, found 3 plugins.
Preloading 0 native plugins for Editor in 0.00 ms.
Unloading 2075 Unused Serialized files (Serialized files now loaded: 0)
System memory in use before: 95.8 MB.
System memory in use after: 95.8 MB.

Unloading 21 unused Assets to reduce memory usage. Loaded Objects now: 2535.
Total: 4.991900 ms (FindLiveObjects: 0.612100 ms CreateObjectMapping: 0.134100 ms MarkObjects: 4.040400 ms  DeleteObjects: 0.202700 ms)

========================================================================
Received Import Request.
  Time since last request: 507.695474 seconds.
  path: Assets/Scripts/Player.cs
  artifactKey: Guid(cfeb88a2a1ca7c64eb0802aa63ee7a8b) Importer(815301076,1909f56bfc062723c751e8b465ee728b)
Start importing Assets/Scripts/Player.cs using Guid(cfeb88a2a1ca7c64eb0802aa63ee7a8b) Importer(815301076,1909f56bfc062723c751e8b465ee728b)  -> (artifact id: 'b7509a3fa58748bffa332efeb0816849') in 0.012218 seconds
  Import took 0.024311 seconds .

========================================================================
Received Prepare
Registering precompiled user dll's ...
Registered in 0.006460 seconds.
Begin MonoManager ReloadAssembly
Native extension for WindowsStandalone target not found
Refreshing native plugins compatible for Editor in 0.96 ms, found 3 plugins.
Preloading 0 native plugins for Editor in 0.00 ms.
Mono: successfully reloaded assembly
- Completed reload, in  1.793 seconds
Platform modules already initialized, skipping
Refreshing native plugins compatible for Editor in 0.88 ms, found 3 plugins.
Preloading 0 native plugins for Editor in 0.00 ms.
Unloading 2075 Unused Serialized files (Serialized files now loaded: 0)
System memory in use before: 95.9 MB.
System memory in use after: 95.8 MB.

Unloading 21 unused Assets to reduce memory usage. Loaded Objects now: 2539.
Total: 4.777100 ms (FindLiveObjects: 0.547900 ms CreateObjectMapping: 0.140200 ms MarkObjects: 3.827000 ms  DeleteObjects: 0.258900 ms)

========================================================================
Received Import Request.
  Time since last request: 258.671250 seconds.
  path: Assets/Scripts/Player.cs
  artifactKey: Guid(cfeb88a2a1ca7c64eb0802aa63ee7a8b) Importer(815301076,1909f56bfc062723c751e8b465ee728b)
Start importing Assets/Scripts/Player.cs using Guid(cfeb88a2a1ca7c64eb0802aa63ee7a8b) Importer(815301076,1909f56bfc062723c751e8b465ee728b)  -> (artifact id: '374d4123b8b092e090bdfea9248dc4ec') in 0.009104 seconds
  Import took 0.024858 seconds .

AssetImportWorkerClient::OnTransportError - code=2 error=End of file
